app/build/intermediates/manifest_merge_blame_file/release/processReleaseMainManifest/manifest-merger-blame-release-report.txt
1<?xml version="1.0" encoding="utf-8"?>
2<manifest xmlns:android="http://schemas.android.com/apk/res/android"
3    package="io.github.hronek.filipneriquotes"
4    android:versionCode="1"
5    android:versionName="1.0" >
6
7    <uses-sdk
8        android:minSdkVersion="24"
9        android:targetSdkVersion="36" />
10
11    <!-- Runtime on Android 13+, but declare for manifest visibility -->
12    <uses-permission android:name="android.permission.POST_NOTIFICATIONS" />
12-->src\main\AndroidManifest.xml:6:5-77
12-->src\main\AndroidManifest.xml:6:22-74
13    <uses-permission android:name="android.permission.RECEIVE_BOOT_COMPLETED" />
13-->src\main\AndroidManifest.xml:7:5-81
13-->src\main\AndroidManifest.xml:7:22-78
14    <!-- To allow exact alarms on Android 12+ -->
15    <uses-permission android:name="android.permission.SCHEDULE_EXACT_ALARM" />
15-->src\main\AndroidManifest.xml:9:5-79
15-->src\main\AndroidManifest.xml:9:22-76
16
17    <permission
17-->[androidx.core:core:1.10.1] AndroidManifest.xml:22:5-24:47
18        android:name="io.github.hronek.filipneriquotes.DYNAMIC_RECEIVER_NOT_EXPORTED_PERMISSION"
18-->[androidx.core:core:1.10.1] AndroidManifest.xml:23:9-81
19        android:protectionLevel="signature" />
19-->[androidx.core:core:1.10.1] AndroidManifest.xml:24:9-44
20
21    <uses-permission android:name="io.github.hronek.filipneriquotes.DYNAMIC_RECEIVER_NOT_EXPORTED_PERMISSION" />
21-->[androidx.core:core:1.10.1] AndroidManifest.xml:26:5-97
21-->[androidx.core:core:1.10.1] AndroidManifest.xml:26:22-94
22
23    <application
23-->src\main\AndroidManifest.xml:11:5-56:19
24        android:allowBackup="true"
24-->src\main\AndroidManifest.xml:12:13-39
25        android:appComponentFactory="androidx.core.app.CoreComponentFactory"
25-->[androidx.core:core:1.10.1] AndroidManifest.xml:28:18-86
26        android:dataExtractionRules="@xml/data_extraction_rules"
26-->src\main\AndroidManifest.xml:13:13-69
27        android:extractNativeLibs="false"
28        android:fullBackupContent="@xml/backup_rules"
28-->src\main\AndroidManifest.xml:14:13-58
29        android:icon="@mipmap/ic_launcher"
29-->src\main\AndroidManifest.xml:15:13-47
30        android:label="@string/app_name"
30-->src\main\AndroidManifest.xml:16:13-45
31        android:roundIcon="@mipmap/ic_launcher_round"
31-->src\main\AndroidManifest.xml:17:13-58
32        android:supportsRtl="true"
32-->src\main\AndroidManifest.xml:18:13-39
33        android:theme="@style/Theme.FilipNeriQuotes" >
33-->src\main\AndroidManifest.xml:19:13-57
34        <activity
34-->src\main\AndroidManifest.xml:20:9-22:44
35            android:name="io.github.hronek.filipneriquotes.PrefaceActivity"
35-->src\main\AndroidManifest.xml:21:17-48
36            android:exported="false" />
36-->src\main\AndroidManifest.xml:22:17-41
37        <activity
37-->src\main\AndroidManifest.xml:23:9-25:44
38            android:name="io.github.hronek.filipneriquotes.BrochureActivity"
38-->src\main\AndroidManifest.xml:24:17-49
39            android:exported="false" />
39-->src\main\AndroidManifest.xml:25:17-41
40        <activity
40-->src\main\AndroidManifest.xml:26:9-34:20
41            android:name="io.github.hronek.filipneriquotes.MainActivity"
41-->src\main\AndroidManifest.xml:27:17-45
42            android:exported="true" >
42-->src\main\AndroidManifest.xml:28:17-40
43            <intent-filter>
43-->src\main\AndroidManifest.xml:29:13-33:29
44                <action android:name="android.intent.action.MAIN" />
44-->src\main\AndroidManifest.xml:30:17-68
44-->src\main\AndroidManifest.xml:30:25-66
45
46                <category android:name="android.intent.category.LAUNCHER" />
46-->src\main\AndroidManifest.xml:32:17-76
46-->src\main\AndroidManifest.xml:32:27-74
47            </intent-filter>
48        </activity>
49        <activity
49-->src\main\AndroidManifest.xml:35:9-37:43
50            android:name="io.github.hronek.filipneriquotes.SettingsActivity"
50-->src\main\AndroidManifest.xml:36:17-49
51            android:exported="false" />
51-->src\main\AndroidManifest.xml:37:17-41
52        <activity
52-->src\main\AndroidManifest.xml:39:9-41:44
53            android:name="io.github.hronek.filipneriquotes.QuotesActivity"
53-->src\main\AndroidManifest.xml:40:17-47
54            android:exported="false" />
54-->src\main\AndroidManifest.xml:41:17-41
55
56        <receiver
56-->src\main\AndroidManifest.xml:43:9-45:43
57            android:name="io.github.hronek.filipneriquotes.notifications.QuoteNotificationReceiver"
57-->src\main\AndroidManifest.xml:44:17-72
58            android:exported="false" />
58-->src\main\AndroidManifest.xml:45:17-41
59        <receiver
59-->src\main\AndroidManifest.xml:47:9-55:20
60            android:name="io.github.hronek.filipneriquotes.notifications.BootReceiver"
60-->src\main\AndroidManifest.xml:48:17-59
61            android:exported="true" >
61-->src\main\AndroidManifest.xml:49:17-40
62            <intent-filter>
62-->src\main\AndroidManifest.xml:50:13-54:29
63                <action android:name="android.intent.action.BOOT_COMPLETED" />
63-->src\main\AndroidManifest.xml:51:17-79
63-->src\main\AndroidManifest.xml:51:25-76
64                <action android:name="android.intent.action.TIME_SET" />
64-->src\main\AndroidManifest.xml:52:17-73
64-->src\main\AndroidManifest.xml:52:25-70
65                <action android:name="android.intent.action.TIMEZONE_CHANGED" />
65-->src\main\AndroidManifest.xml:53:17-81
65-->src\main\AndroidManifest.xml:53:25-78
66            </intent-filter>
67        </receiver>
68
69        <provider
69-->[androidx.emoji2:emoji2:1.2.0] AndroidManifest.xml:24:9-32:20
70            android:name="androidx.startup.InitializationProvider"
70-->[androidx.emoji2:emoji2:1.2.0] AndroidManifest.xml:25:13-67
71            android:authorities="io.github.hronek.filipneriquotes.androidx-startup"
71-->[androidx.emoji2:emoji2:1.2.0] AndroidManifest.xml:26:13-68
72            android:exported="false" >
72-->[androidx.emoji2:emoji2:1.2.0] AndroidManifest.xml:27:13-37
73            <meta-data
73-->[androidx.emoji2:emoji2:1.2.0] AndroidManifest.xml:29:13-31:52
74                android:name="androidx.emoji2.text.EmojiCompatInitializer"
74-->[androidx.emoji2:emoji2:1.2.0] AndroidManifest.xml:30:17-75
75                android:value="androidx.startup" />
75-->[androidx.emoji2:emoji2:1.2.0] AndroidManifest.xml:31:17-49
76            <meta-data
76-->[androidx.lifecycle:lifecycle-process:2.6.1] AndroidManifest.xml:29:13-31:52
77                android:name="androidx.lifecycle.ProcessLifecycleInitializer"
77-->[androidx.lifecycle:lifecycle-process:2.6.1] AndroidManifest.xml:30:17-78
78                android:value="androidx.startup" />
78-->[androidx.lifecycle:lifecycle-process:2.6.1] AndroidManifest.xml:31:17-49
79            <meta-data
79-->[androidx.profileinstaller:profileinstaller:1.3.0] AndroidManifest.xml:29:13-31:52
80                android:name="androidx.profileinstaller.ProfileInstallerInitializer"
80-->[androidx.profileinstaller:profileinstaller:1.3.0] AndroidManifest.xml:30:17-85
81                android:value="androidx.startup" />
81-->[androidx.profileinstaller:profileinstaller:1.3.0] AndroidManifest.xml:31:17-49
82        </provider>
83
84        <uses-library
84-->[androidx.window:window:1.0.0] AndroidManifest.xml:25:9-27:40
85            android:name="androidx.window.extensions"
85-->[androidx.window:window:1.0.0] AndroidManifest.xml:26:13-54
86            android:required="false" />
86-->[androidx.window:window:1.0.0] AndroidManifest.xml:27:13-37
87        <uses-library
87-->[androidx.window:window:1.0.0] AndroidManifest.xml:28:9-30:40
88            android:name="androidx.window.sidecar"
88-->[androidx.window:window:1.0.0] AndroidManifest.xml:29:13-51
89            android:required="false" />
89-->[androidx.window:window:1.0.0] AndroidManifest.xml:30:13-37
90
91        <receiver
91-->[androidx.profileinstaller:profileinstaller:1.3.0] AndroidManifest.xml:34:9-52:20
92            android:name="androidx.profileinstaller.ProfileInstallReceiver"
92-->[androidx.profileinstaller:profileinstaller:1.3.0] AndroidManifest.xml:35:13-76
93            android:directBootAware="false"
93-->[androidx.profileinstaller:profileinstaller:1.3.0] AndroidManifest.xml:36:13-44
94            android:enabled="true"
94-->[androidx.profileinstaller:profileinstaller:1.3.0] AndroidManifest.xml:37:13-35
95            android:exported="true"
95-->[androidx.profileinstaller:profileinstaller:1.3.0] AndroidManifest.xml:38:13-36
96            android:permission="android.permission.DUMP" >
96-->[androidx.profileinstaller:profileinstaller:1.3.0] AndroidManifest.xml:39:13-57
97            <intent-filter>
97-->[androidx.profileinstaller:profileinstaller:1.3.0] AndroidManifest.xml:40:13-42:29
98                <action android:name="androidx.profileinstaller.action.INSTALL_PROFILE" />
98-->[androidx.profileinstaller:profileinstaller:1.3.0] AndroidManifest.xml:41:17-91
98-->[androidx.profileinstaller:profileinstaller:1.3.0] AndroidManifest.xml:41:25-88
99            </intent-filter>
100            <intent-filter>
100-->[androidx.profileinstaller:profileinstaller:1.3.0] AndroidManifest.xml:43:13-45:29
101                <action android:name="androidx.profileinstaller.action.SKIP_FILE" />
101-->[androidx.profileinstaller:profileinstaller:1.3.0] AndroidManifest.xml:44:17-85
101-->[androidx.profileinstaller:profileinstaller:1.3.0] AndroidManifest.xml:44:25-82
102            </intent-filter>
103            <intent-filter>
103-->[androidx.profileinstaller:profileinstaller:1.3.0] AndroidManifest.xml:46:13-48:29
104                <action android:name="androidx.profileinstaller.action.SAVE_PROFILE" />
104-->[androidx.profileinstaller:profileinstaller:1.3.0] AndroidManifest.xml:47:17-88
104-->[androidx.profileinstaller:profileinstaller:1.3.0] AndroidManifest.xml:47:25-85
105            </intent-filter>
106            <intent-filter>
106-->[androidx.profileinstaller:profileinstaller:1.3.0] AndroidManifest.xml:49:13-51:29
107                <action android:name="androidx.profileinstaller.action.BENCHMARK_OPERATION" />
107-->[androidx.profileinstaller:profileinstaller:1.3.0] AndroidManifest.xml:50:17-95
107-->[androidx.profileinstaller:profileinstaller:1.3.0] AndroidManifest.xml:50:25-92
108            </intent-filter>
109        </receiver>
110    </application>
111
112</manifest>